execve("./hello-syscall", ["hello-syscall"], 0x7ffdf88f12b0 /* 40 vars */) = 0
brk(NULL)                               = 0x55b4b8e4c000
access("/etc/ld.so.nohwcap", F_OK)      = -1 ENOENT (No such file or directory)
access("/etc/ld.so.preload", R_OK)      = -1 ENOENT (No such file or directory)
openat(AT_FDCWD, "/etc/ld.so.cache", O_RDONLY|O_CLOEXEC) = 3
fstat(3, {st_mode=S_IFREG|0644, st_size=214667, ...}) = 0
mmap(NULL, 214667, PROT_READ, MAP_PRIVATE, 3, 0) = 0x7f8dc99c9000
close(3)                                = 0
access("/etc/ld.so.nohwcap", F_OK)      = -1 ENOENT (No such file or directory)
openat(AT_FDCWD, "/lib/x86_64-linux-gnu/libc.so.6", O_RDONLY|O_CLOEXEC) = 3
read(3, "\177ELF\2\1\1\3\0\0\0\0\0\0\0\0\3\0>\0\1\0\0\0\260\34\2\0\0\0\0\0"..., 832) = 832
fstat(3, {st_mode=S_IFREG|0755, st_size=2030544, ...}) = 0
mmap(NULL, 8192, PROT_READ|PROT_WRITE, MAP_PRIVATE|MAP_ANONYMOUS, -1, 0) = 0x7f8dc99c7000
mmap(NULL, 4131552, PROT_READ|PROT_EXEC, MAP_PRIVATE|MAP_DENYWRITE, 3, 0) = 0x7f8dc93e6000
mprotect(0x7f8dc95cd000, 2097152, PROT_NONE) = 0
mmap(0x7f8dc97cd000, 24576, PROT_READ|PROT_WRITE, MAP_PRIVATE|MAP_FIXED|MAP_DENYWRITE, 3, 0x1e7000) = 0x7f8dc97cd000
mmap(0x7f8dc97d3000, 15072, PROT_READ|PROT_WRITE, MAP_PRIVATE|MAP_FIXED|MAP_ANONYMOUS, -1, 0) = 0x7f8dc97d3000
close(3)                                = 0
arch_prctl(ARCH_SET_FS, 0x7f8dc99c84c0) = 0
mprotect(0x7f8dc97cd000, 16384, PROT_READ) = 0
mprotect(0x55b4b8db4000, 4096, PROT_READ) = 0
mprotect(0x7f8dc99fe000, 4096, PROT_READ) = 0
munmap(0x7f8dc99c9000, 214667)          = 0
write(1, "Hello World without syscall\n", 28) = 28
write(1, "Hello World with syscall\n", 25) = 25
fstat(1, {st_mode=S_IFCHR|0620, st_rdev=makedev(136, 57), ...}) = 0
brk(NULL)                               = 0x55b4b8e4c000
brk(0x55b4b8e6d000)                     = 0x55b4b8e6d000
write(1, "Hello World with printf\n", 24) = 24
exit_group(24)                          = ?
+++ exited with 24 +++
